<?xml version="1.0" encoding="UTF-8"?>
<coverage generated="1575503940721" clover="3.2.0">
  <project timestamp="1575503940721" name="All files">
    <metrics statements="67" coveredstatements="65" conditionals="38" coveredconditionals="34" methods="23" coveredmethods="21" elements="128" coveredelements="120" complexity="0" loc="67" ncloc="67" packages="1" files="4" classes="4"/>
    <file name="Fs.js" path="/Users/evestockstill/careerTrack/lab03Career/lib/Fs.js">
      <metrics statements="8" coveredstatements="6" conditionals="4" coveredconditionals="0" methods="4" coveredmethods="2"/>
      <line num="1" count="1" type="stmt"/>
      <line num="2" count="1" type="stmt"/>
      <line num="4" count="1" type="stmt"/>
      <line num="5" count="1" type="stmt"/>
      <line num="6" count="0" type="cond" truecount="0" falsecount="2"/>
      <line num="11" count="1" type="stmt"/>
      <line num="12" count="0" type="cond" truecount="0" falsecount="2"/>
      <line num="27" count="1" type="stmt"/>
    </file>
    <file name="Schema.js" path="/Users/evestockstill/careerTrack/lab03Career/lib/Schema.js">
      <metrics statements="14" coveredstatements="14" conditionals="2" coveredconditionals="2" methods="4" coveredmethods="4"/>
      <line num="1" count="1" type="stmt"/>
      <line num="3" count="1" type="stmt"/>
      <line num="5" count="2" type="stmt"/>
      <line num="6" count="2" type="stmt"/>
      <line num="7" count="6" type="stmt"/>
      <line num="11" count="2" type="stmt"/>
      <line num="12" count="2" type="stmt"/>
      <line num="13" count="2" type="stmt"/>
      <line num="15" count="6" type="stmt"/>
      <line num="16" count="6" type="stmt"/>
      <line num="18" count="2" type="stmt"/>
      <line num="22" count="2" type="cond" truecount="2" falsecount="0"/>
      <line num="23" count="1" type="stmt"/>
      <line num="26" count="1" type="stmt"/>
    </file>
    <file name="Validator.js" path="/Users/evestockstill/careerTrack/lab03Career/lib/Validator.js">
      <metrics statements="10" coveredstatements="10" conditionals="8" coveredconditionals="8" methods="2" coveredmethods="2"/>
      <line num="1" count="2" type="stmt"/>
      <line num="2" count="2" type="stmt"/>
      <line num="4" count="8" type="stmt"/>
      <line num="5" count="8" type="stmt"/>
      <line num="6" count="8" type="stmt"/>
      <line num="7" count="8" type="stmt"/>
      <line num="11" count="12" type="stmt"/>
      <line num="12" count="12" type="cond" truecount="4" falsecount="0"/>
      <line num="13" count="10" type="cond" truecount="4" falsecount="0"/>
      <line num="15" count="9" type="stmt"/>
    </file>
    <file name="types.js" path="/Users/evestockstill/careerTrack/lab03Career/lib/types.js">
      <metrics statements="35" coveredstatements="35" conditionals="24" coveredconditionals="24" methods="13" coveredmethods="13"/>
      <line num="1" count="19" type="stmt"/>
      <line num="2" count="26" type="stmt"/>
      <line num="3" count="18" type="stmt"/>
      <line num="4" count="24" type="stmt"/>
      <line num="5" count="6" type="cond" truecount="2" falsecount="0"/>
      <line num="6" count="6" type="stmt"/>
      <line num="8" count="3" type="stmt"/>
      <line num="9" count="13" type="cond" truecount="2" falsecount="0"/>
      <line num="10" count="7" type="cond" truecount="2" falsecount="0"/>
      <line num="11" count="5" type="cond" truecount="2" falsecount="0"/>
      <line num="12" count="3" type="cond" truecount="2" falsecount="0"/>
      <line num="13" count="2" type="stmt"/>
      <line num="16" count="3" type="stmt"/>
      <line num="17" count="13" type="cond" truecount="2" falsecount="0"/>
      <line num="18" count="9" type="stmt"/>
      <line num="19" count="9" type="cond" truecount="2" falsecount="0"/>
      <line num="20" count="5" type="stmt"/>
      <line num="23" count="3" type="stmt"/>
      <line num="24" count="6" type="cond" truecount="2" falsecount="0"/>
      <line num="25" count="4" type="cond" truecount="2" falsecount="0"/>
      <line num="26" count="3" type="cond" truecount="2" falsecount="0"/>
      <line num="27" count="2" type="stmt"/>
      <line num="30" count="4" type="stmt"/>
      <line num="31" count="3" type="stmt"/>
      <line num="32" count="3" type="stmt"/>
      <line num="34" count="2" type="stmt"/>
      <line num="40" count="10" type="stmt"/>
      <line num="41" count="10" type="stmt"/>
      <line num="42" count="10" type="stmt"/>
      <line num="43" count="10" type="stmt"/>
      <line num="47" count="3" type="stmt"/>
      <line num="53" count="3" type="stmt"/>
      <line num="54" count="13" type="cond" truecount="2" falsecount="0"/>
      <line num="56" count="12" type="cond" truecount="2" falsecount="0"/>
      <line num="59" count="3" type="stmt"/>
    </file>
  </project>
</coverage>
